<?xml version="1.0" encoding="UTF-8"?>
<testsuite xmlns:xsi="http://www.w3.org/2001/XMLSchema-instance" xsi:noNamespaceSchemaLocation="https://maven.apache.org/surefire/maven-surefire-plugin/xsd/surefire-test-report-3.0.xsd" version="3.0" name="com.microservices.limits_service.LimitsServiceApplicationTests" time="2.368" tests="1" errors="0" skipped="0" failures="0">
  <properties>
[...]
</properties>
  <testcase name="contextLoads" classname="com.microservices.limits_service.LimitsServiceApplicationTests" time="0.554">
    <system-out><![CDATA[11:52:54.852 [main] INFO org.springframework.test.context.support.AnnotationConfigContextLoaderUtils -- Could not detect default configuration classes for test class [com.microservices.limits_service.LimitsServiceApplicationTests]: LimitsServiceApplicationTests does not declare any static, non-private, non-final, nested classes annotated with @Configuration.
11:52:54.916 [main] INFO org.springframework.boot.test.context.SpringBootTestContextBootstrapper -- Found @SpringBootConfiguration com.microservices.limits_service.LimitsServiceApplication for test class com.microservices.limits_service.LimitsServiceApplicationTests
11:52:55.018 [main] INFO org.springframework.boot.devtools.restart.RestartApplicationListener -- Restart disabled due to context in which it is running

  .   ____          _            __ _ _
 /\\ / ___'_ __ _ _(_)_ __  __ _ \ \ \ \
( ( )\___ | '_ | '_| | '_ \/ _` | \ \ \ \
 \\/  ___)| |_)| | | | | || (_| |  ) ) ) )
  '  |____| .__|_| |_|_| |_\__, | / / / /
 =========|_|==============|___/=/_/_/_/

 :: Spring Boot ::                (v3.3.1)

2024-06-25T11:52:55.501+01:00  INFO 6511 --- [limits-service] [           main] c.m.l.LimitsServiceApplicationTests      : Starting LimitsServiceApplicationTests using Java 17.0.10 with PID 6511 (started by vipulkumarkanabar in /Users/vipulkumarkanabar/microservices/limits-service)
2024-06-25T11:52:55.502+01:00  INFO 6511 --- [limits-service] [           main] c.m.l.LimitsServiceApplicationTests      : No active profile set, falling back to 1 default profile: "default"
2024-06-25T11:52:55.519+01:00  INFO 6511 --- [limits-service] [           main] o.s.c.c.c.ConfigServerConfigDataLoader   : Fetching config from server at : http://localhost:8888
2024-06-25T11:52:55.519+01:00  INFO 6511 --- [limits-service] [           main] o.s.c.c.c.ConfigServerConfigDataLoader   : Exception on Url - http://localhost:8888:org.springframework.web.client.ResourceAccessException: I/O error on GET request for "http://localhost:8888/limits-service/default": Connection refused. Will be trying the next url if available
2024-06-25T11:52:55.519+01:00  WARN 6511 --- [limits-service] [           main] o.s.c.c.c.ConfigServerConfigDataLoader   : Could not locate PropertySource ([ConfigServerConfigDataResource@26e412ef uris = array<String>['http://localhost:8888'], optional = true, profiles = 'default']): I/O error on GET request for "http://localhost:8888/limits-service/default": Connection refused
2024-06-25T11:52:55.519+01:00  INFO 6511 --- [limits-service] [           main] o.s.c.c.c.ConfigServerConfigDataLoader   : Fetching config from server at : http://localhost:8888
2024-06-25T11:52:55.520+01:00  INFO 6511 --- [limits-service] [           main] o.s.c.c.c.ConfigServerConfigDataLoader   : Exception on Url - http://localhost:8888:org.springframework.web.client.ResourceAccessException: I/O error on GET request for "http://localhost:8888/limits-service/default": Connection refused. Will be trying the next url if available
2024-06-25T11:52:55.520+01:00  WARN 6511 --- [limits-service] [           main] o.s.c.c.c.ConfigServerConfigDataLoader   : Could not locate PropertySource ([ConfigServerConfigDataResource@cb0f763 uris = array<String>['http://localhost:8888'], optional = true, profiles = 'default']): I/O error on GET request for "http://localhost:8888/limits-service/default": Connection refused
2024-06-25T11:52:55.520+01:00  INFO 6511 --- [limits-service] [           main] o.s.c.c.c.ConfigServerConfigDataLoader   : Fetching config from server at : http://localhost:8888
2024-06-25T11:52:55.520+01:00  INFO 6511 --- [limits-service] [           main] o.s.c.c.c.ConfigServerConfigDataLoader   : Exception on Url - http://localhost:8888:org.springframework.web.client.ResourceAccessException: I/O error on GET request for "http://localhost:8888/limits-service/default": Connection refused. Will be trying the next url if available
2024-06-25T11:52:55.520+01:00  WARN 6511 --- [limits-service] [           main] o.s.c.c.c.ConfigServerConfigDataLoader   : Could not locate PropertySource ([ConfigServerConfigDataResource@7573e12f uris = array<String>['http://localhost:8888'], optional = true, profiles = 'default']): I/O error on GET request for "http://localhost:8888/limits-service/default": Connection refused
2024-06-25T11:52:56.032+01:00  INFO 6511 --- [limits-service] [           main] o.s.cloud.context.scope.GenericScope     : BeanFactory id=af2ae16b-0819-3e7f-abd4-c5f22ee3e0ee
2024-06-25T11:52:56.465+01:00  INFO 6511 --- [limits-service] [           main] o.s.b.a.e.web.EndpointLinksResolver      : Exposing 1 endpoint beneath base path '/actuator'
2024-06-25T11:52:56.505+01:00  INFO 6511 --- [limits-service] [           main] c.m.l.LimitsServiceApplicationTests      : Started LimitsServiceApplicationTests in 1.498 seconds (process running for 2.133)
]]></system-out>
  </testcase>
</testsuite>